2025-10-31 17:49:54,574 DEBUG    root            Loaded Command Group: ['gcloud', 'components']
2025-10-31 17:49:54,609 DEBUG    root            Loaded Command Group: ['gcloud', 'components', 'update']
2025-10-31 17:49:54,611 DEBUG    root            Running [gcloud.components.update] with arguments: [--quiet: "True", COMPONENT-IDS:8: "['gcloud', 'core', 'bq', 'gsutil', 'compute', 'preview', 'alpha', 'beta']"]
2025-10-31 17:49:54,612 INFO     ___FILE_ONLY___ Beginning update. This process may take several minutes.

2025-10-31 17:49:54,620 DEBUG    urllib3.connectionpool Starting new HTTPS connection (1): dl.google.com:443
2025-10-31 17:49:54,636 DEBUG    urllib3.connectionpool https://dl.google.com:443 "GET /dl/cloudsdk/channels/rapid/components-2.json HTTP/1.1" 200 233157
2025-10-31 17:49:54,649 WARNING  root            Component [compute] no longer exists.
2025-10-31 17:49:54,650 INFO     ___FILE_ONLY___ 

2025-10-31 17:49:54,650 INFO     ___FILE_ONLY___ 
Your current Google Cloud CLI version is: 545.0.0

2025-10-31 17:49:54,650 INFO     ___FILE_ONLY___ Installing components from version: 545.0.0

2025-10-31 17:49:54,650 INFO     ___FILE_ONLY___ 

2025-10-31 17:49:54,650 DEBUG    root            Chosen display Format:table[box,title="These components will be removed."](details.display_name:label=Name:align=left,version.version_string:label=Version:align=right,data.size.size(zero="",min=1048576):label=Size:align=right)
2025-10-31 17:49:54,651 DEBUG    root            Chosen display Format:table[box,title="These components will be updated."](details.display_name:label=Name:align=left,version.version_string:label=Version:align=right,data.size.size(zero="",min=1048576):label=Size:align=right)
2025-10-31 17:49:54,651 DEBUG    root            Chosen display Format:table[box,title="These components will be installed."](details.display_name:label=Name:align=left,version.version_string:label=Version:align=right,data.size.size(zero="",min=1048576):label=Size:align=right)
2025-10-31 17:49:54,668 INFO     ___FILE_ONLY___ ┌────────────────────────────────────────────────┐
2025-10-31 17:49:54,668 INFO     ___FILE_ONLY___ 

2025-10-31 17:49:54,668 INFO     ___FILE_ONLY___ │      These components will be installed.       │
2025-10-31 17:49:54,668 INFO     ___FILE_ONLY___ 

2025-10-31 17:49:54,668 INFO     ___FILE_ONLY___ ├─────────────────────────┬────────────┬─────────┤
2025-10-31 17:49:54,668 INFO     ___FILE_ONLY___ 

2025-10-31 17:49:54,668 INFO     ___FILE_ONLY___ │           Name          │  Version   │   Size  │
2025-10-31 17:49:54,668 INFO     ___FILE_ONLY___ 

2025-10-31 17:49:54,668 INFO     ___FILE_ONLY___ ├─────────────────────────┼────────────┼─────────┤
2025-10-31 17:49:54,669 INFO     ___FILE_ONLY___ 

2025-10-31 17:49:54,669 INFO     ___FILE_ONLY___ │ 
2025-10-31 17:49:54,669 INFO     ___FILE_ONLY___ gcloud Alpha Commands  
2025-10-31 17:49:54,669 INFO     ___FILE_ONLY___  
2025-10-31 17:49:54,669 INFO     ___FILE_ONLY___ │ 
2025-10-31 17:49:54,669 INFO     ___FILE_ONLY___ 2025.10.24
2025-10-31 17:49:54,669 INFO     ___FILE_ONLY___  
2025-10-31 17:49:54,669 INFO     ___FILE_ONLY___ │ 
2025-10-31 17:49:54,669 INFO     ___FILE_ONLY___ < 1 MiB
2025-10-31 17:49:54,669 INFO     ___FILE_ONLY___  
2025-10-31 17:49:54,669 INFO     ___FILE_ONLY___ │
2025-10-31 17:49:54,669 INFO     ___FILE_ONLY___ 

2025-10-31 17:49:54,669 INFO     ___FILE_ONLY___ │ 
2025-10-31 17:49:54,669 INFO     ___FILE_ONLY___ gcloud Beta Commands   
2025-10-31 17:49:54,669 INFO     ___FILE_ONLY___  
2025-10-31 17:49:54,669 INFO     ___FILE_ONLY___ │ 
2025-10-31 17:49:54,669 INFO     ___FILE_ONLY___ 2025.10.24
2025-10-31 17:49:54,669 INFO     ___FILE_ONLY___  
2025-10-31 17:49:54,669 INFO     ___FILE_ONLY___ │ 
2025-10-31 17:49:54,670 INFO     ___FILE_ONLY___ < 1 MiB
2025-10-31 17:49:54,670 INFO     ___FILE_ONLY___  
2025-10-31 17:49:54,670 INFO     ___FILE_ONLY___ │
2025-10-31 17:49:54,670 INFO     ___FILE_ONLY___ 

2025-10-31 17:49:54,670 INFO     ___FILE_ONLY___ │ 
2025-10-31 17:49:54,670 INFO     ___FILE_ONLY___ gcloud Preview Commands
2025-10-31 17:49:54,670 INFO     ___FILE_ONLY___  
2025-10-31 17:49:54,670 INFO     ___FILE_ONLY___ │ 
2025-10-31 17:49:54,670 INFO     ___FILE_ONLY___           
2025-10-31 17:49:54,670 INFO     ___FILE_ONLY___  
2025-10-31 17:49:54,670 INFO     ___FILE_ONLY___ │ 
2025-10-31 17:49:54,670 INFO     ___FILE_ONLY___ < 1 MiB
2025-10-31 17:49:54,670 INFO     ___FILE_ONLY___  
2025-10-31 17:49:54,670 INFO     ___FILE_ONLY___ │
2025-10-31 17:49:54,670 INFO     ___FILE_ONLY___ 

2025-10-31 17:49:54,670 INFO     ___FILE_ONLY___ └─────────────────────────┴────────────┴─────────┘
2025-10-31 17:49:54,670 INFO     ___FILE_ONLY___ 

2025-10-31 17:49:54,670 INFO     ___FILE_ONLY___ 

2025-10-31 17:49:54,673 DEBUG    urllib3.connectionpool Starting new HTTPS connection (1): dl.google.com:443
2025-10-31 17:49:54,690 DEBUG    urllib3.connectionpool https://dl.google.com:443 "GET /dl/cloudsdk/channels/rapid/RELEASE_NOTES HTTP/1.1" 200 1509806
2025-10-31 17:49:55,206 INFO     ___FILE_ONLY___ For the latest full release notes, please visit:
  https://cloud.google.com/sdk/release_notes


2025-10-31 17:49:55,206 INFO     ___FILE_ONLY___ Performing in place update...


2025-10-31 17:49:55,208 INFO     ___FILE_ONLY___ ╔════════════════════════════════════════════════════════════╗

2025-10-31 17:49:55,208 INFO     ___FILE_ONLY___ ╠═ Downloading: gcloud Alpha Commands                       ═╣

2025-10-31 17:49:55,208 INFO     ___FILE_ONLY___ ╚
2025-10-31 17:49:55,211 DEBUG    urllib3.connectionpool Starting new HTTPS connection (1): dl.google.com:443
2025-10-31 17:49:55,227 DEBUG    urllib3.connectionpool https://dl.google.com:443 "GET /dl/cloudsdk/channels/rapid/components/google-cloud-sdk-alpha-20251024121634.tar.gz HTTP/1.1" 200 800
2025-10-31 17:49:55,227 INFO     ___FILE_ONLY___ ════════════════════════════════════════════════════════════
2025-10-31 17:49:55,228 INFO     ___FILE_ONLY___ ╝

2025-10-31 17:49:55,230 INFO     ___FILE_ONLY___ ╔════════════════════════════════════════════════════════════╗

2025-10-31 17:49:55,230 INFO     ___FILE_ONLY___ ╠═ Downloading: gcloud Beta Commands                        ═╣

2025-10-31 17:49:55,230 INFO     ___FILE_ONLY___ ╚
2025-10-31 17:49:55,233 DEBUG    urllib3.connectionpool Starting new HTTPS connection (1): dl.google.com:443
2025-10-31 17:49:55,246 DEBUG    urllib3.connectionpool https://dl.google.com:443 "GET /dl/cloudsdk/channels/rapid/components/google-cloud-sdk-beta-20251024121634.tar.gz HTTP/1.1" 200 797
2025-10-31 17:49:55,246 INFO     ___FILE_ONLY___ ════════════════════════════════════════════════════════════
2025-10-31 17:49:55,247 INFO     ___FILE_ONLY___ ╝

2025-10-31 17:49:55,249 INFO     ___FILE_ONLY___ ╔════════════════════════════════════════════════════════════╗

2025-10-31 17:49:55,249 INFO     ___FILE_ONLY___ ╠═ Downloading: gcloud Preview Commands                     ═╣

2025-10-31 17:49:55,249 INFO     ___FILE_ONLY___ ╚
2025-10-31 17:49:55,252 DEBUG    urllib3.connectionpool Starting new HTTPS connection (1): dl.google.com:443
2025-10-31 17:49:55,294 DEBUG    urllib3.connectionpool https://dl.google.com:443 "GET /dl/cloudsdk/channels/rapid/components/google-cloud-sdk-preview-20241115154308.tar.gz HTTP/1.1" 200 823
2025-10-31 17:49:55,295 INFO     ___FILE_ONLY___ ════════════════════════════════════════════════════════════
2025-10-31 17:49:55,295 INFO     ___FILE_ONLY___ ╝

2025-10-31 17:49:55,297 INFO     ___FILE_ONLY___ ╔════════════════════════════════════════════════════════════╗

2025-10-31 17:49:55,297 INFO     ___FILE_ONLY___ ╠═ Installing: gcloud Alpha Commands                        ═╣

2025-10-31 17:49:55,297 INFO     ___FILE_ONLY___ ╚
2025-10-31 17:49:55,298 INFO     ___FILE_ONLY___ ════════════════════════════════════════════════════════════
2025-10-31 17:49:55,298 INFO     ___FILE_ONLY___ ╝

2025-10-31 17:49:55,303 INFO     ___FILE_ONLY___ ╔════════════════════════════════════════════════════════════╗

2025-10-31 17:49:55,303 INFO     ___FILE_ONLY___ ╠═ Installing: gcloud Beta Commands                         ═╣

2025-10-31 17:49:55,303 INFO     ___FILE_ONLY___ ╚
2025-10-31 17:49:55,304 INFO     ___FILE_ONLY___ ════════════════════════════════════════════════════════════
2025-10-31 17:49:55,304 INFO     ___FILE_ONLY___ ╝

2025-10-31 17:49:55,310 INFO     ___FILE_ONLY___ ╔════════════════════════════════════════════════════════════╗

2025-10-31 17:49:55,310 INFO     ___FILE_ONLY___ ╠═ Installing: gcloud Preview Commands                      ═╣

2025-10-31 17:49:55,310 INFO     ___FILE_ONLY___ ╚
2025-10-31 17:49:55,311 INFO     ___FILE_ONLY___ ════════════════════════════════════════════════════════════
2025-10-31 17:49:55,311 INFO     ___FILE_ONLY___ ╝

2025-10-31 17:49:55,315 DEBUG    root            Updating notification cache...
2025-10-31 17:49:55,316 INFO     ___FILE_ONLY___ 

2025-10-31 17:49:55,318 INFO     ___FILE_ONLY___ Performing post processing steps...
2025-10-31 17:49:55,318 DEBUG    root            Executing command: ['/tools/google-cloud-sdk/bin/gcloud', 'components', 'post-process']
2025-10-31 17:50:04,948 DEBUG    ___FILE_ONLY___ 
2025-10-31 17:50:04,948 DEBUG    ___FILE_ONLY___ 
2025-10-31 17:50:05,083 INFO     root            descriptor_list: [{'universeDomain': 'googleapis.com', 'universeShortName': '', 'authenticationDomain': 'auth.cloud.google.com', 'projectPrefix': '', 'cloudWebDomain': 'cloud.google.com', 'documentationDomain': 'cloud.google.com', 'version': '1.0.0', 'state': 'primary', 'artifactRegistryDomain': 'pkg.dev'}]
2025-10-31 17:50:05,084 INFO     ___FILE_ONLY___ 
Update done!


2025-10-31 17:50:05,086 DEBUG    root            Chosen display Format:none
2025-10-31 17:50:05,086 INFO     root            Display format: "none"
